INFO: [HLS 200-10] Running 'C:/Xilinx/Vivado/2019.1/bin/unwrapped/win64.o/vivado_hls.exe'
INFO: [HLS 200-10] For user 'Farhan Mohammad' on host 'laptop-du51dmn7' (Windows NT_amd64 version 6.2) on Sat Apr 10 22:37:37 +0530 2021
INFO: [HLS 200-10] In directory 'D:/IITG/Semester2/VLSI/Project/blowfish1'
Sourcing Tcl script 'D:/IITG/Semester2/VLSI/Project/blowfish1/Blowfish.prj/Opt_Area/csim.tcl'
INFO: [HLS 200-10] Opening project 'D:/IITG/Semester2/VLSI/Project/blowfish1/Blowfish.prj'.
INFO: [HLS 200-10] Opening solution 'D:/IITG/Semester2/VLSI/Project/blowfish1/Blowfish.prj/Opt_Area'.
INFO: [SYN 201-201] Setting up clock 'default' with a period of 10ns.
INFO: [SYN 201-201] Setting up clock 'default' with an uncertainty of 1.25ns.
INFO: [HLS 200-10] Setting target device to 'xc7z020-clg484-1'
INFO: [HLS 200-435] Setting 'config_sdx -target' configuration: config_export -vivado_optimization_level=2
INFO: [HLS 200-435] Setting 'config_sdx -target' configuration: set_clock_uncertainty default
INFO: [SIM 211-2] *************** CSIM start ***************
INFO: [SIM 211-4] CSIM will launch GCC as the compiler.
   Compiling(apcc) ../../../../bf.c in debug mode
INFO: [HLS 200-10] Running 'C:/Xilinx/Vivado/2019.1/bin/unwrapped/win64.o/apcc.exe'
INFO: [HLS 200-10] For user 'Farhan Mohammad' on host 'laptop-du51dmn7' (Windows NT_amd64 version 6.2) on Sat Apr 10 22:37:40 +0530 2021
INFO: [HLS 200-10] In directory 'D:/IITG/Semester2/VLSI/Project/blowfish1/Blowfish.prj/Opt_Area/csim/build'
INFO: [APCC 202-3] Tmp directory is apcc_db
INFO: [APCC 202-1] APCC is done.
   Compiling(apcc) ../../../../../blowfish-implementation-master/blowfish.c in debug mode
INFO: [HLS 200-10] Running 'C:/Xilinx/Vivado/2019.1/bin/unwrapped/win64.o/apcc.exe'
INFO: [HLS 200-10] For user 'Farhan Mohammad' on host 'laptop-du51dmn7' (Windows NT_amd64 version 6.2) on Sat Apr 10 22:37:46 +0530 2021
INFO: [HLS 200-10] In directory 'D:/IITG/Semester2/VLSI/Project/blowfish1/Blowfish.prj/Opt_Area/csim/build'
INFO: [APCC 202-3] Tmp directory is apcc_db
INFO: [APCC 202-1] APCC is done.
   Generating csim.exe
0
fine
encrypted data: 61125260 7768EEBB 
decrypted data: testing!
INFO: [SIM 211-1] CSim done with 0 errors.
INFO: [SIM 211-3] *************** CSIM finish ***************
